[1.536s] DEBUG:colcon:Command line arguments: ['/Users/chandansheikder/ros2_venv/bin/colcon', 'build', '--symlink-install']
[1.536s] DEBUG:colcon:Parsed command line arguments: Namespace(log_base=None, log_level=None, verb_name='build', build_base='build', install_base='install', merge_install=False, symlink_install=True, test_result_base=None, continue_on_error=False, executor='parallel', parallel_workers=10, event_handlers=None, ignore_user_meta=False, metas=['./colcon.meta'], base_paths=['.'], packages_ignore=None, packages_ignore_regex=None, paths=None, packages_up_to=None, packages_up_to_regex=None, packages_above=None, packages_above_and_dependencies=None, packages_above_depth=None, packages_select_by_dep=None, packages_skip_by_dep=None, packages_skip_up_to=None, packages_select_build_failed=False, packages_skip_build_finished=False, packages_select_test_failures=False, packages_skip_test_passed=False, packages_select=None, packages_skip=None, packages_select_regex=None, packages_skip_regex=None, packages_start=None, packages_end=None, cmake_args=None, cmake_target=None, cmake_target_skip_unavailable=False, cmake_clean_cache=False, cmake_clean_first=False, cmake_force_configure=False, ament_cmake_args=None, catkin_cmake_args=None, catkin_skip_building_tests=False, verb_parser=<colcon_defaults.argument_parser.defaults.DefaultArgumentsDecorator object at 0x109fe9e70>, verb_extension=<colcon_core.verb.build.BuildVerb object at 0x109fe2710>, main=<bound method BuildVerb.main of <colcon_core.verb.build.BuildVerb object at 0x109fe2710>>)
[1.574s] Level 1:colcon.colcon_core.package_discovery:discover_packages(colcon_meta) check parameters
[1.574s] Level 1:colcon.colcon_core.package_discovery:discover_packages(recursive) check parameters
[1.574s] Level 1:colcon.colcon_core.package_discovery:discover_packages(ignore) check parameters
[1.574s] Level 1:colcon.colcon_core.package_discovery:discover_packages(path) check parameters
[1.574s] Level 1:colcon.colcon_core.package_discovery:discover_packages(colcon_meta) discover
[1.575s] Level 1:colcon.colcon_core.package_discovery:discover_packages(recursive) discover
[1.575s] INFO:colcon.colcon_core.package_discovery:Crawling recursively for packages in '/Users/chandansheikder/Documents/untitled folder 2/bio_ANNa'
[1.575s] Level 1:colcon.colcon_core.package_identification:_identify(.) by extensions ['ignore', 'ignore_ament_install']
[1.575s] Level 1:colcon.colcon_core.package_identification:_identify(.) by extension 'ignore'
[1.575s] Level 1:colcon.colcon_core.package_identification:_identify(.) by extension 'ignore_ament_install'
[1.575s] Level 1:colcon.colcon_core.package_identification:_identify(.) by extensions ['colcon_pkg']
[1.575s] Level 1:colcon.colcon_core.package_identification:_identify(.) by extension 'colcon_pkg'
[1.575s] Level 1:colcon.colcon_core.package_identification:_identify(.) by extensions ['colcon_meta']
[1.575s] Level 1:colcon.colcon_core.package_identification:_identify(.) by extension 'colcon_meta'
[1.575s] Level 1:colcon.colcon_core.package_identification:_identify(.) by extensions ['ros']
[1.575s] Level 1:colcon.colcon_core.package_identification:_identify(.) by extension 'ros'
[1.605s] Level 1:colcon.colcon_core.package_identification:_identify(.) by extensions ['cmake', 'python']
[1.605s] Level 1:colcon.colcon_core.package_identification:_identify(.) by extension 'cmake'
[1.605s] Level 1:colcon.colcon_core.package_identification:_identify(.) by extension 'python'
[1.605s] Level 1:colcon.colcon_core.package_identification:_identify(.) by extensions ['python_setup_py']
[1.605s] Level 1:colcon.colcon_core.package_identification:_identify(.) by extension 'python_setup_py'
[1.606s] Level 1:colcon.colcon_core.package_identification:_identify(build) by extensions ['ignore', 'ignore_ament_install']
[1.606s] Level 1:colcon.colcon_core.package_identification:_identify(build) by extension 'ignore'
[1.606s] Level 1:colcon.colcon_core.package_identification:_identify(build) ignored
[1.606s] Level 1:colcon.colcon_core.package_identification:_identify(datasets) by extensions ['ignore', 'ignore_ament_install']
[1.606s] Level 1:colcon.colcon_core.package_identification:_identify(datasets) by extension 'ignore'
[1.606s] Level 1:colcon.colcon_core.package_identification:_identify(datasets) by extension 'ignore_ament_install'
[1.606s] Level 1:colcon.colcon_core.package_identification:_identify(datasets) by extensions ['colcon_pkg']
[1.606s] Level 1:colcon.colcon_core.package_identification:_identify(datasets) by extension 'colcon_pkg'
[1.606s] Level 1:colcon.colcon_core.package_identification:_identify(datasets) by extensions ['colcon_meta']
[1.606s] Level 1:colcon.colcon_core.package_identification:_identify(datasets) by extension 'colcon_meta'
[1.608s] Level 1:colcon.colcon_core.package_identification:_identify(datasets) by extensions ['ros']
[1.608s] Level 1:colcon.colcon_core.package_identification:_identify(datasets) by extension 'ros'
[1.608s] Level 1:colcon.colcon_core.package_identification:_identify(datasets) by extensions ['cmake', 'python']
[1.608s] Level 1:colcon.colcon_core.package_identification:_identify(datasets) by extension 'cmake'
[1.608s] Level 1:colcon.colcon_core.package_identification:_identify(datasets) by extension 'python'
[1.608s] Level 1:colcon.colcon_core.package_identification:_identify(datasets) by extensions ['python_setup_py']
[1.608s] Level 1:colcon.colcon_core.package_identification:_identify(datasets) by extension 'python_setup_py'
[1.608s] Level 1:colcon.colcon_core.package_identification:_identify(install) by extensions ['ignore', 'ignore_ament_install']
[1.608s] Level 1:colcon.colcon_core.package_identification:_identify(install) by extension 'ignore'
[1.608s] Level 1:colcon.colcon_core.package_identification:_identify(install) ignored
[1.608s] Level 1:colcon.colcon_core.package_identification:_identify(launch) by extensions ['ignore', 'ignore_ament_install']
[1.608s] Level 1:colcon.colcon_core.package_identification:_identify(launch) by extension 'ignore'
[1.609s] Level 1:colcon.colcon_core.package_identification:_identify(launch) by extension 'ignore_ament_install'
[1.609s] Level 1:colcon.colcon_core.package_identification:_identify(launch) by extensions ['colcon_pkg']
[1.609s] Level 1:colcon.colcon_core.package_identification:_identify(launch) by extension 'colcon_pkg'
[1.609s] Level 1:colcon.colcon_core.package_identification:_identify(launch) by extensions ['colcon_meta']
[1.609s] Level 1:colcon.colcon_core.package_identification:_identify(launch) by extension 'colcon_meta'
[1.609s] Level 1:colcon.colcon_core.package_identification:_identify(launch) by extensions ['ros']
[1.609s] Level 1:colcon.colcon_core.package_identification:_identify(launch) by extension 'ros'
[1.609s] Level 1:colcon.colcon_core.package_identification:_identify(launch) by extensions ['cmake', 'python']
[1.609s] Level 1:colcon.colcon_core.package_identification:_identify(launch) by extension 'cmake'
[1.609s] Level 1:colcon.colcon_core.package_identification:_identify(launch) by extension 'python'
[1.609s] Level 1:colcon.colcon_core.package_identification:_identify(launch) by extensions ['python_setup_py']
[1.609s] Level 1:colcon.colcon_core.package_identification:_identify(launch) by extension 'python_setup_py'
[1.609s] Level 1:colcon.colcon_core.package_identification:_identify(log) by extensions ['ignore', 'ignore_ament_install']
[1.609s] Level 1:colcon.colcon_core.package_identification:_identify(log) by extension 'ignore'
[1.609s] Level 1:colcon.colcon_core.package_identification:_identify(log) ignored
[1.609s] Level 1:colcon.colcon_core.package_identification:_identify(notebooks) by extensions ['ignore', 'ignore_ament_install']
[1.609s] Level 1:colcon.colcon_core.package_identification:_identify(notebooks) by extension 'ignore'
[1.609s] Level 1:colcon.colcon_core.package_identification:_identify(notebooks) by extension 'ignore_ament_install'
[1.609s] Level 1:colcon.colcon_core.package_identification:_identify(notebooks) by extensions ['colcon_pkg']
[1.609s] Level 1:colcon.colcon_core.package_identification:_identify(notebooks) by extension 'colcon_pkg'
[1.609s] Level 1:colcon.colcon_core.package_identification:_identify(notebooks) by extensions ['colcon_meta']
[1.609s] Level 1:colcon.colcon_core.package_identification:_identify(notebooks) by extension 'colcon_meta'
[1.609s] Level 1:colcon.colcon_core.package_identification:_identify(notebooks) by extensions ['ros']
[1.609s] Level 1:colcon.colcon_core.package_identification:_identify(notebooks) by extension 'ros'
[1.609s] Level 1:colcon.colcon_core.package_identification:_identify(notebooks) by extensions ['cmake', 'python']
[1.609s] Level 1:colcon.colcon_core.package_identification:_identify(notebooks) by extension 'cmake'
[1.609s] Level 1:colcon.colcon_core.package_identification:_identify(notebooks) by extension 'python'
[1.609s] Level 1:colcon.colcon_core.package_identification:_identify(notebooks) by extensions ['python_setup_py']
[1.609s] Level 1:colcon.colcon_core.package_identification:_identify(notebooks) by extension 'python_setup_py'
[1.609s] Level 1:colcon.colcon_core.package_identification:_identify(src) by extensions ['ignore', 'ignore_ament_install']
[1.609s] Level 1:colcon.colcon_core.package_identification:_identify(src) by extension 'ignore'
[1.609s] Level 1:colcon.colcon_core.package_identification:_identify(src) by extension 'ignore_ament_install'
[1.609s] Level 1:colcon.colcon_core.package_identification:_identify(src) by extensions ['colcon_pkg']
[1.610s] Level 1:colcon.colcon_core.package_identification:_identify(src) by extension 'colcon_pkg'
[1.610s] Level 1:colcon.colcon_core.package_identification:_identify(src) by extensions ['colcon_meta']
[1.610s] Level 1:colcon.colcon_core.package_identification:_identify(src) by extension 'colcon_meta'
[1.610s] Level 1:colcon.colcon_core.package_identification:_identify(src) by extensions ['ros']
[1.610s] Level 1:colcon.colcon_core.package_identification:_identify(src) by extension 'ros'
[1.610s] Level 1:colcon.colcon_core.package_identification:_identify(src) by extensions ['cmake', 'python']
[1.610s] Level 1:colcon.colcon_core.package_identification:_identify(src) by extension 'cmake'
[1.610s] Level 1:colcon.colcon_core.package_identification:_identify(src) by extension 'python'
[1.610s] Level 1:colcon.colcon_core.package_identification:_identify(src) by extensions ['python_setup_py']
[1.610s] Level 1:colcon.colcon_core.package_identification:_identify(src) by extension 'python_setup_py'
[1.610s] Level 1:colcon.colcon_core.package_identification:_identify(src/bio_anna) by extensions ['ignore', 'ignore_ament_install']
[1.610s] Level 1:colcon.colcon_core.package_identification:_identify(src/bio_anna) by extension 'ignore'
[1.610s] Level 1:colcon.colcon_core.package_identification:_identify(src/bio_anna) by extension 'ignore_ament_install'
[1.610s] Level 1:colcon.colcon_core.package_identification:_identify(src/bio_anna) by extensions ['colcon_pkg']
[1.610s] Level 1:colcon.colcon_core.package_identification:_identify(src/bio_anna) by extension 'colcon_pkg'
[1.610s] Level 1:colcon.colcon_core.package_identification:_identify(src/bio_anna) by extensions ['colcon_meta']
[1.610s] Level 1:colcon.colcon_core.package_identification:_identify(src/bio_anna) by extension 'colcon_meta'
[1.610s] Level 1:colcon.colcon_core.package_identification:_identify(src/bio_anna) by extensions ['ros']
[1.610s] Level 1:colcon.colcon_core.package_identification:_identify(src/bio_anna) by extension 'ros'
[1.610s] Level 1:colcon.colcon_core.package_identification:_identify(src/bio_anna) by extensions ['cmake', 'python']
[1.610s] Level 1:colcon.colcon_core.package_identification:_identify(src/bio_anna) by extension 'cmake'
[1.610s] Level 1:colcon.colcon_core.package_identification:_identify(src/bio_anna) by extension 'python'
[1.610s] Level 1:colcon.colcon_core.package_identification:_identify(src/bio_anna) by extensions ['python_setup_py']
[1.610s] Level 1:colcon.colcon_core.package_identification:_identify(src/bio_anna) by extension 'python_setup_py'
[1.610s] Level 1:colcon.colcon_core.package_identification:_identify(src/bio_anna/__pycache__) by extensions ['ignore', 'ignore_ament_install']
[1.610s] Level 1:colcon.colcon_core.package_identification:_identify(src/bio_anna/__pycache__) by extension 'ignore'
[1.610s] Level 1:colcon.colcon_core.package_identification:_identify(src/bio_anna/__pycache__) by extension 'ignore_ament_install'
[1.610s] Level 1:colcon.colcon_core.package_identification:_identify(src/bio_anna/__pycache__) by extensions ['colcon_pkg']
[1.610s] Level 1:colcon.colcon_core.package_identification:_identify(src/bio_anna/__pycache__) by extension 'colcon_pkg'
[1.610s] Level 1:colcon.colcon_core.package_identification:_identify(src/bio_anna/__pycache__) by extensions ['colcon_meta']
[1.610s] Level 1:colcon.colcon_core.package_identification:_identify(src/bio_anna/__pycache__) by extension 'colcon_meta'
[1.611s] Level 1:colcon.colcon_core.package_identification:_identify(src/bio_anna/__pycache__) by extensions ['ros']
[1.611s] Level 1:colcon.colcon_core.package_identification:_identify(src/bio_anna/__pycache__) by extension 'ros'
[1.611s] Level 1:colcon.colcon_core.package_identification:_identify(src/bio_anna/__pycache__) by extensions ['cmake', 'python']
[1.611s] Level 1:colcon.colcon_core.package_identification:_identify(src/bio_anna/__pycache__) by extension 'cmake'
[1.611s] Level 1:colcon.colcon_core.package_identification:_identify(src/bio_anna/__pycache__) by extension 'python'
[1.611s] Level 1:colcon.colcon_core.package_identification:_identify(src/bio_anna/__pycache__) by extensions ['python_setup_py']
[1.611s] Level 1:colcon.colcon_core.package_identification:_identify(src/bio_anna/__pycache__) by extension 'python_setup_py'
[1.611s] Level 1:colcon.colcon_core.package_identification:_identify(src/bio_anna/nodes) by extensions ['ignore', 'ignore_ament_install']
[1.611s] Level 1:colcon.colcon_core.package_identification:_identify(src/bio_anna/nodes) by extension 'ignore'
[1.611s] Level 1:colcon.colcon_core.package_identification:_identify(src/bio_anna/nodes) by extension 'ignore_ament_install'
[1.611s] Level 1:colcon.colcon_core.package_identification:_identify(src/bio_anna/nodes) by extensions ['colcon_pkg']
[1.611s] Level 1:colcon.colcon_core.package_identification:_identify(src/bio_anna/nodes) by extension 'colcon_pkg'
[1.611s] Level 1:colcon.colcon_core.package_identification:_identify(src/bio_anna/nodes) by extensions ['colcon_meta']
[1.611s] Level 1:colcon.colcon_core.package_identification:_identify(src/bio_anna/nodes) by extension 'colcon_meta'
[1.611s] Level 1:colcon.colcon_core.package_identification:_identify(src/bio_anna/nodes) by extensions ['ros']
[1.611s] Level 1:colcon.colcon_core.package_identification:_identify(src/bio_anna/nodes) by extension 'ros'
[1.611s] Level 1:colcon.colcon_core.package_identification:_identify(src/bio_anna/nodes) by extensions ['cmake', 'python']
[1.611s] Level 1:colcon.colcon_core.package_identification:_identify(src/bio_anna/nodes) by extension 'cmake'
[1.611s] Level 1:colcon.colcon_core.package_identification:_identify(src/bio_anna/nodes) by extension 'python'
[1.611s] Level 1:colcon.colcon_core.package_identification:_identify(src/bio_anna/nodes) by extensions ['python_setup_py']
[1.611s] Level 1:colcon.colcon_core.package_identification:_identify(src/bio_anna/nodes) by extension 'python_setup_py'
[1.611s] Level 1:colcon.colcon_core.package_identification:_identify(src/bio_anna/nodes/__pycache__) by extensions ['ignore', 'ignore_ament_install']
[1.611s] Level 1:colcon.colcon_core.package_identification:_identify(src/bio_anna/nodes/__pycache__) by extension 'ignore'
[1.611s] Level 1:colcon.colcon_core.package_identification:_identify(src/bio_anna/nodes/__pycache__) by extension 'ignore_ament_install'
[1.611s] Level 1:colcon.colcon_core.package_identification:_identify(src/bio_anna/nodes/__pycache__) by extensions ['colcon_pkg']
[1.611s] Level 1:colcon.colcon_core.package_identification:_identify(src/bio_anna/nodes/__pycache__) by extension 'colcon_pkg'
[1.611s] Level 1:colcon.colcon_core.package_identification:_identify(src/bio_anna/nodes/__pycache__) by extensions ['colcon_meta']
[1.611s] Level 1:colcon.colcon_core.package_identification:_identify(src/bio_anna/nodes/__pycache__) by extension 'colcon_meta'
[1.611s] Level 1:colcon.colcon_core.package_identification:_identify(src/bio_anna/nodes/__pycache__) by extensions ['ros']
[1.611s] Level 1:colcon.colcon_core.package_identification:_identify(src/bio_anna/nodes/__pycache__) by extension 'ros'
[1.611s] Level 1:colcon.colcon_core.package_identification:_identify(src/bio_anna/nodes/__pycache__) by extensions ['cmake', 'python']
[1.611s] Level 1:colcon.colcon_core.package_identification:_identify(src/bio_anna/nodes/__pycache__) by extension 'cmake'
[1.611s] Level 1:colcon.colcon_core.package_identification:_identify(src/bio_anna/nodes/__pycache__) by extension 'python'
[1.611s] Level 1:colcon.colcon_core.package_identification:_identify(src/bio_anna/nodes/__pycache__) by extensions ['python_setup_py']
[1.611s] Level 1:colcon.colcon_core.package_identification:_identify(src/bio_anna/nodes/__pycache__) by extension 'python_setup_py'
[1.612s] Level 1:colcon.colcon_core.package_identification:_identify(src/bio_anna/utils) by extensions ['ignore', 'ignore_ament_install']
[1.612s] Level 1:colcon.colcon_core.package_identification:_identify(src/bio_anna/utils) by extension 'ignore'
[1.612s] Level 1:colcon.colcon_core.package_identification:_identify(src/bio_anna/utils) by extension 'ignore_ament_install'
[1.612s] Level 1:colcon.colcon_core.package_identification:_identify(src/bio_anna/utils) by extensions ['colcon_pkg']
[1.612s] Level 1:colcon.colcon_core.package_identification:_identify(src/bio_anna/utils) by extension 'colcon_pkg'
[1.612s] Level 1:colcon.colcon_core.package_identification:_identify(src/bio_anna/utils) by extensions ['colcon_meta']
[1.612s] Level 1:colcon.colcon_core.package_identification:_identify(src/bio_anna/utils) by extension 'colcon_meta'
[1.612s] Level 1:colcon.colcon_core.package_identification:_identify(src/bio_anna/utils) by extensions ['ros']
[1.612s] Level 1:colcon.colcon_core.package_identification:_identify(src/bio_anna/utils) by extension 'ros'
[1.612s] Level 1:colcon.colcon_core.package_identification:_identify(src/bio_anna/utils) by extensions ['cmake', 'python']
[1.612s] Level 1:colcon.colcon_core.package_identification:_identify(src/bio_anna/utils) by extension 'cmake'
[1.612s] Level 1:colcon.colcon_core.package_identification:_identify(src/bio_anna/utils) by extension 'python'
[1.612s] Level 1:colcon.colcon_core.package_identification:_identify(src/bio_anna/utils) by extensions ['python_setup_py']
[1.612s] Level 1:colcon.colcon_core.package_identification:_identify(src/bio_anna/utils) by extension 'python_setup_py'
[1.612s] Level 1:colcon.colcon_core.package_identification:_identify(src/bio_anna/utils/__pycache__) by extensions ['ignore', 'ignore_ament_install']
[1.612s] Level 1:colcon.colcon_core.package_identification:_identify(src/bio_anna/utils/__pycache__) by extension 'ignore'
[1.612s] Level 1:colcon.colcon_core.package_identification:_identify(src/bio_anna/utils/__pycache__) by extension 'ignore_ament_install'
[1.612s] Level 1:colcon.colcon_core.package_identification:_identify(src/bio_anna/utils/__pycache__) by extensions ['colcon_pkg']
[1.612s] Level 1:colcon.colcon_core.package_identification:_identify(src/bio_anna/utils/__pycache__) by extension 'colcon_pkg'
[1.612s] Level 1:colcon.colcon_core.package_identification:_identify(src/bio_anna/utils/__pycache__) by extensions ['colcon_meta']
[1.612s] Level 1:colcon.colcon_core.package_identification:_identify(src/bio_anna/utils/__pycache__) by extension 'colcon_meta'
[1.612s] Level 1:colcon.colcon_core.package_identification:_identify(src/bio_anna/utils/__pycache__) by extensions ['ros']
[1.612s] Level 1:colcon.colcon_core.package_identification:_identify(src/bio_anna/utils/__pycache__) by extension 'ros'
[1.612s] Level 1:colcon.colcon_core.package_identification:_identify(src/bio_anna/utils/__pycache__) by extensions ['cmake', 'python']
[1.612s] Level 1:colcon.colcon_core.package_identification:_identify(src/bio_anna/utils/__pycache__) by extension 'cmake'
[1.612s] Level 1:colcon.colcon_core.package_identification:_identify(src/bio_anna/utils/__pycache__) by extension 'python'
[1.612s] Level 1:colcon.colcon_core.package_identification:_identify(src/bio_anna/utils/__pycache__) by extensions ['python_setup_py']
[1.612s] Level 1:colcon.colcon_core.package_identification:_identify(src/bio_anna/utils/__pycache__) by extension 'python_setup_py'
[1.612s] Level 1:colcon.colcon_core.package_discovery:discover_packages(recursive) using defaults
[1.612s] Level 1:colcon.colcon_core.package_discovery:discover_packages(ignore) discover
[1.613s] Level 1:colcon.colcon_core.package_discovery:discover_packages(ignore) using defaults
[1.613s] Level 1:colcon.colcon_core.package_discovery:discover_packages(path) discover
[1.613s] Level 1:colcon.colcon_core.package_discovery:discover_packages(path) using defaults
[1.630s] INFO:colcon.colcon_core.executor:Executing jobs using 'parallel' executor
[1.631s] DEBUG:colcon.colcon_parallel_executor.executor.parallel:run_until_complete
[1.631s] DEBUG:colcon.colcon_parallel_executor.executor.parallel:closing loop
[1.631s] DEBUG:colcon.colcon_parallel_executor.executor.parallel:loop closed
[1.631s] DEBUG:colcon.colcon_parallel_executor.executor.parallel:run_until_complete finished with '0'
[1.631s] DEBUG:colcon.colcon_core.event_reactor:joining thread
[1.635s] INFO:colcon.colcon_core.plugin_system:Skipping extension 'colcon_notification.desktop_notification.notify2': 'notify2' not found
[1.635s] INFO:colcon.colcon_core.plugin_system:Skipping extension 'colcon_notification.desktop_notification.notify_send': Not used on non-Linux systems
[1.635s] INFO:colcon.colcon_core.plugin_system:Skipping extension 'colcon_notification.desktop_notification.win32': Not used on non-Windows systems
[1.635s] INFO:colcon.colcon_notification.desktop_notification:Sending desktop notification using 'terminal_notifier'
[1.776s] DEBUG:colcon.colcon_core.event_reactor:joined thread
[1.781s] INFO:colcon.colcon_core.plugin_system:Skipping extension 'colcon_core.shell.bat': Not used on non-Windows systems
[1.781s] INFO:colcon.colcon_core.shell:Creating prefix script '/Users/chandansheikder/Documents/untitled folder 2/bio_ANNa/install/local_setup.ps1'
[1.783s] INFO:colcon.colcon_core.shell:Creating prefix util module '/Users/chandansheikder/Documents/untitled folder 2/bio_ANNa/install/_local_setup_util_ps1.py'
[1.785s] INFO:colcon.colcon_core.shell:Creating prefix chain script '/Users/chandansheikder/Documents/untitled folder 2/bio_ANNa/install/setup.ps1'
[1.789s] INFO:colcon.colcon_core.shell:Creating prefix script '/Users/chandansheikder/Documents/untitled folder 2/bio_ANNa/install/local_setup.sh'
[1.790s] INFO:colcon.colcon_core.shell:Creating prefix util module '/Users/chandansheikder/Documents/untitled folder 2/bio_ANNa/install/_local_setup_util_sh.py'
[1.791s] INFO:colcon.colcon_core.shell:Creating prefix chain script '/Users/chandansheikder/Documents/untitled folder 2/bio_ANNa/install/setup.sh'
[1.793s] INFO:colcon.colcon_core.shell:Creating prefix script '/Users/chandansheikder/Documents/untitled folder 2/bio_ANNa/install/local_setup.bash'
[1.794s] INFO:colcon.colcon_core.shell:Creating prefix chain script '/Users/chandansheikder/Documents/untitled folder 2/bio_ANNa/install/setup.bash'
[1.796s] INFO:colcon.colcon_core.shell:Creating prefix script '/Users/chandansheikder/Documents/untitled folder 2/bio_ANNa/install/local_setup.zsh'
[1.797s] INFO:colcon.colcon_core.shell:Creating prefix chain script '/Users/chandansheikder/Documents/untitled folder 2/bio_ANNa/install/setup.zsh'
